make all --print-data-base --no-builtin-variables --no-builtin-rules --question
make: *** No rule to make target 'all'.  Stop.

# GNU Make 4.2.1
# Built for x86_64-pc-linux-gnu
# Copyright (C) 1988-2016 Free Software Foundation, Inc.
# License GPLv3+: GNU GPL version 3 or later <http://gnu.org/licenses/gpl.html>
# This is free software: you are free to change and redistribute it.
# There is NO WARRANTY, to the extent permitted by law.

# Make data base, printed on Thu Jun 16 18:06:05 2022

# Variables

# 'override' directive
GNUMAKEFLAGS := 
# automatic
<D = $(patsubst %/,%,$(dir $<))
# automatic
?F = $(notdir $?)
# environment
DESKTOP_SESSION = ubuntu
# default
.SHELLFLAGS := -c
# makefile (from 'Makefile', line 15)
IMAGE_GHCR = $(IMAGE_REGISTRY_GHCR)/$(IMAGE_REPO)/$(IMAGE_NAME):$(VERSION)
# environment
XDG_SESSION_CLASS = user
# environment
SNAP_COMMON = /var/snap/code/common
# environment
XDG_SESSION_TYPE = x11
# environment
VSCODE_LOG_NATIVE = false
# automatic
?D = $(patsubst %/,%,$(dir $?))
# makefile (from 'Makefile', line 8)
IMAGE_REPO = olivetti83-2/LiberandoProductos
# environment
IM_CONFIG_PHASE = 1
# automatic
@D = $(patsubst %/,%,$(dir $@))
# environment
XAUTHORITY = /run/user/1000/gdm/Xauthority
# environment
GDMSESSION = ubuntu
# environment
XMODIFIERS = @im=ibus
# makefile
CURDIR := /home/olivetti/Descargas/olivetti_liberando_practica/PRACTICA_FINAL
# makefile
SHELL = /bin/sh
# environment
SNAP_DATA = /var/snap/code/98
# environment
VSCODE_NLS_CONFIG = {"locale":"es","availableLanguages":{},"_languagePackSupport":true}
# environment
JOURNAL_STREAM = 8:38743
# environment
XDG_CONFIG_DIRS = /etc/xdg/xdg-ubuntu:/etc/xdg
# environment
SNAP_INSTANCE_NAME = code
# environment
SNAP_ARCH = amd64
# makefile (from 'Makefile', line 9)
IMAGE_NAME = fastapi
# makefile (from 'Makefile', line 1)
MAKEFILE_LIST :=  Makefile
# automatic
@F = $(notdir $@)
# environment
GIO_LAUNCHED_DESKTOP_FILE = /var/lib/snapd/desktop/applications/code_code.desktop
# makefile (from 'Makefile', line 3)
PIP = $(VENV)/bin/pip
# environment
USERNAME = olivetti
# environment
MANDATORY_PATH = /usr/share/gconf/ubuntu.mandatory.path
# environment
XDG_DATA_DIRS = /usr/share/ubuntu:/usr/local/share/:/usr/share/:/var/lib/snapd/desktop
# environment
DBUS_SESSION_BUS_ADDRESS = unix:path=/run/user/1000/bus,guid=f2aa278985e9c4b747ae5f2062aa5f11
# makefile (from 'Makefile', line 10)
VERSION = develop
# environment
VSCODE_VERBOSE_LOGGING = true
# environment
_ = /snap/code/98/usr/share/code/code
# makefile (from 'Makefile', line 14)
IMAGE_LATEST = $(IMAGE_REGISTRY_DOCKERHUB)/$(IMAGE_NAME):latest
# environment
MANAGERPID = 1444
# environment
LESSOPEN = | /usr/bin/lesspipe %s
# environment
VSCODE_CWD = /home/olivetti
# environment
GSETTINGS_SCHEMA_DIR = /snap/code/98/usr/share/glib-2.0/schemas
# default
MAKE_HOST := x86_64-pc-linux-gnu
# environment
PATH = /home/olivetti/.local/bin:/usr/local/sbin:/usr/local/bin:/usr/sbin:/usr/bin:/sbin:/bin:/usr/games:/usr/local/games:/snap/bin
# environment
GPG_AGENT_INFO = /run/user/1000/gnupg/S.gpg-agent:0:1
# environment
SESSION_MANAGER = local/olivetti-VirtualBox:@/tmp/.ICE-unix/2048,unix/olivetti-VirtualBox:/tmp/.ICE-unix/2048
# environment
XDG_RUNTIME_DIR = /run/user/1000
# environment
GDK_PIXBUF_MODULE_FILE = /home/olivetti/snap/code/common/.cache/gdk-pixbuf-loaders.cache
# environment
SNAP = /snap/code/98
# environment
SNAP_VERSION = 4af164ea
# environment
XDG_MENU_PREFIX = gnome-
# environment
VSCODE_LOG_STACK = false
# environment
DISABLE_WAYLAND = 1
# environment
ELECTRON_RUN_AS_NODE = 1
# environment
INVOCATION_ID = 8b1ad4a1f2e64dd0b5f5778c02a34e11
# environment
GDK_PIXBUF_MODULEDIR = /snap/code/98/usr/lib/x86_64-linux-gnu/gdk-pixbuf-2.0/2.10.0/loaders
# default
.FEATURES := target-specific order-only second-expansion else-if shortest-stem undefine oneshell archives jobserver output-sync check-symlink load
# environment
LS_COLORS = 
# environment
XDG_SESSION_DESKTOP = ubuntu
# environment
SSH_AUTH_SOCK = /run/user/1000/keyring/ssh
# environment
GIO_LAUNCHED_DESKTOP_FILE_PID = 401503
# automatic
%F = $(notdir $%)
# environment
DISPLAY = :0
# makefile (from 'Makefile', line 13)
IMAGE = $(IMAGE_REGISTRY_DOCKERHUB)/$(IMAGE_NAME):$(VERSION)
# environment
VSCODE_PIPE_LOGGING = true
# environment
SNAP_INSTANCE_KEY = 
# environment
PWD = /home/olivetti/Descargas/olivetti_liberando_practica/PRACTICA_FINAL
# default
.LOADED := 
# environment
SSH_AGENT_PID = 1989
# environment
ORIGINAL_XDG_CURRENT_DESKTOP = ubuntu:GNOME
# environment
GTK_MODULES = gail:atk-bridge
# makefile (from 'Makefile', line 2)
PYTHON = $(VENV)/bin/python3
# environment
VSCODE_AMD_ENTRYPOINT = vs/workbench/api/node/extensionHostProcess
# environment
HOME = /home/olivetti
# environment
LESSCLOSE = /usr/bin/lesspipe %s %s
# environment
VSCODE_CLI = 1
# environment
VSCODE_CODE_CACHE_PATH = /home/olivetti/.config/Code/CachedData/4af164ea3a06f701fe3e89a2bcbb421d2026b68f
# environment
LOGNAME = olivetti
# environment
APPLICATION_INSIGHTS_NO_DIAGNOSTIC_CHANNEL = 1
# environment
SNAP_LIBRARY_PATH = /var/lib/snapd/lib/gl:/var/lib/snapd/lib/gl32:/var/lib/snapd/void
# environment
SNAP_CONTEXT = Mh4KjjKCMKVcfryBKo7KsahYZJrbwUYKNeYKhNSSZqQU8pEqihJS
# environment
ELECTRON_NO_ATTACH_CONSOLE = 1
# environment
SNAP_USER_COMMON = /home/olivetti/snap/code/common
# environment
VSCODE_HANDLES_UNCAUGHT_ERRORS = true
# environment
GNOME_DESKTOP_SESSION_ID = this-is-deprecated
# automatic
^D = $(patsubst %/,%,$(dir $^))
# environment
MAKELEVEL := 0
# environment
SNAP_REAL_HOME = /home/olivetti
# default
MAKE = $(MAKE_COMMAND)
# default
MAKECMDGOALS := all
# environment
QT_IM_MODULE = ibus
# environment
SNAP_USER_DATA = /home/olivetti/snap/code/98
# environment
SHLVL = 0
# environment
GNOME_SHELL_SESSION_MODE = ubuntu
# environment
VSCODE_IPC_HOOK_EXTHOST = /run/user/1000/vscode-ipc-be10a3dd-b9bd-4ecb-b935-c358c31ec5a2.sock
# default
MAKE_VERSION := 4.2.1
# environment
USER = olivetti
# environment
SNAP_REVISION = 98
# makefile (from 'Makefile', line 6)
IMAGE_REGISTRY_DOCKERHUB = oliverp83
# makefile
.DEFAULT_GOAL := run
# environment
XDG_CURRENT_DESKTOP = Unity
# automatic
%D = $(patsubst %/,%,$(dir $%))
# makefile (from 'Makefile', line 1)
VENV = venv
# default
 
MAKE_COMMAND := make
# default
.VARIABLES := 
# automatic
*F = $(notdir $*)
# environment
VSCODE_IPC_HOOK = /run/user/1000/vscode-bf03a258-1.68.0-main.sock
# environment
BAMF_DESKTOP_FILE_HINT = /var/lib/snapd/desktop/applications/code_code.desktop
# makefile (from 'Makefile', line 7)
IMAGE_REGISTRY_GHCR = ghcr.io
# makefile
MAKEFLAGS = pqrR
# environment
MFLAGS = -pqrR
# automatic
*D = $(patsubst %/,%,$(dir $*))
# automatic
+D = $(patsubst %/,%,$(dir $+))
# environment
GDK_BACKEND = x11
# makefile (from 'Makefile', line 16)
IMAGE_GHRC_LATEST = $(IMAGE_REGISTRY_GHCR)/$(IMAGE_REPO)/$(IMAGE_NAME):latest
# automatic
+F = $(notdir $+)
# environment
NO_AT_BRIDGE = 1
# environment
QT_ACCESSIBILITY = 1
# environment
DEFAULTS_PATH = /usr/share/gconf/ubuntu.default.path
# default
MAKEFILES := 
# environment
SNAP_COOKIE = Mh4KjjKCMKVcfryBKo7KsahYZJrbwUYKNeYKhNSSZqQU8pEqihJS
# automatic
<F = $(notdir $<)
# environment
SNAP_NAME = code
# environment
LC_ALL = C
# environment
DBUS_STARTER_BUS_TYPE = session
# environment
GJS_DEBUG_TOPICS = JS ERROR;JS LOG
# automatic
^F = $(notdir $^)
# default
SUFFIXES := 
# environment
SNAP_REEXEC = 
# environment
CHROME_DESKTOP = code-url-handler.desktop
# environment
WINDOWPATH = 2
# default
.INCLUDE_DIRS = /usr/include /usr/local/include /usr/include
# environment
GJS_DEBUG_OUTPUT = stderr
# default
.RECIPEPREFIX := 
# environment
LANG = C
# environment
VSCODE_PID = 391540
# environment
DBUS_STARTER_ADDRESS = unix:path=/run/user/1000/bus,guid=f2aa278985e9c4b747ae5f2062aa5f11
# variable set hash-table stats:
# Load=137/1024=13%, Rehash=0, Collisions=22/172=13%

# Pattern-specific Variable Values

# No pattern-specific variable values.

# Directories

# . (device 2053, inode 3149466): 17 files, no impossibilities.
 

# 17 files, no impossibilities in 1 directories.

# Implicit Rules

# No implicit rules.

# Files

# Not a target:
all:
#  Command line target.
#  Implicit rule search has been done.
#  File does not exist.
#  File has not been updated.

docker-build:
#  Phony target (prerequisite of .PHONY).
#  Implicit rule search has not been done.
#  File does not exist.
#  File has not been updated.
#  recipe to execute (from 'Makefile', line 37):
	docker build -t $(IMAGE) -t $(IMAGE_LATEST) -t $(IMAGE_GHCR) -t $(IMAGE_GHRC_LATEST) .

.PHONY: run unit-test unit-test-coverage venv/bin/activate docker-build publish
#  Implicit rule search has not been done.
#  Modification time never checked.
#  File has not been updated.

venv/bin/activate: requirements.txt
#  Phony target (prerequisite of .PHONY).
#  Implicit rule search has not been done.
#  File does not exist.
#  File has not been updated.
#  recipe to execute (from 'Makefile', line 32):
	python3 -m venv $(VENV)
	$(PIP) install -r requirements.txt

# Not a target:
Makefile:
#  Implicit rule search has been done.
#  Last modified 2022-06-16 06:15:04.78683889
#  File has been updated.
#  Successfully updated.

# Not a target:
requirements.txt:
#  Implicit rule search has not been done.
 
#  Modification time never checked.
#  File has not been updated.

unit-test-coverage: venv/bin/activate
#  Phony target (prerequisite of .PHONY).
#  Implicit rule search has not been done.
#  File does not exist.
#  File has not been updated.
#  recipe to execute (from 'Makefile', line 28):
	pytest --cov

# Not a target:
.DEFAULT:
#  Implicit rule search has not been done.
#  Modification time never checked.
#  File has not been updated.

publish: docker-build
#  Phony target (prerequisite of .PHONY).
#  Implicit rule search has not been done.
#  File does not exist.
#  File has not been updated.
#  recipe to execute (from 'Makefile', line 41):
	docker push $(IMAGE)
	docker push $(IMAGE_LATEST)
	docker push $(IMAGE_GHCR)
	docker push $(IMAGE_GHRC_LATEST)

unit-test: venv/bin/activate
#  Phony target (prerequisite of .PHONY).
#  Implicit rule search has not been done.
#  File does not exist.
#  File has not been updated.
#  recipe to execute (from 'Makefile', line 24):
	pytest

run: venv/bin/activate
#  Phony target (prerequisite of .PHONY).
#  Implicit rule search has not been done.
#  File does not exist.
#  File has not been updated.
#  recipe to execute (from 'Makefile', line 20):
	$(PYTHON) src/app.py
 

# files hash-table stats:
# Load=12/1024=1%, Rehash=0, Collisions=0/44=0%
# VPATH Search Paths

# No 'vpath' search paths.

# No general ('VPATH' variable) search path.

# strcache buffers: 1 (0) / strings = 29 / storage = 306 B / avg = 10 B
# current buf: size = 8162 B / used = 306 B / count = 29 / avg = 10 B

# strcache performance: lookups = 61 / hit rate = 52%
# hash-table stats:
# Load=29/8192=0%, Rehash=0, Collisions=1/61=2%
# Finished Make data base on Thu Jun 16 18:06:05 2022

 
